  ConsoleApplication2.cpp
C:\Users\EnragedSock\For-NPU\ConsoleApplication2\ConsoleApplication2\ConsoleApplication2.cpp(5,24): error C4430: missing type specifier - int assumed. Note: C++ does not support default-int
C:\Users\EnragedSock\For-NPU\ConsoleApplication2\ConsoleApplication2\ConsoleApplication2.cpp(5,8): error C2146: syntax error: missing ';' before identifier 'studentFullName'
C:\Users\EnragedSock\For-NPU\ConsoleApplication2\ConsoleApplication2\ConsoleApplication2.cpp(15,22): error C4430: missing type specifier - int assumed. Note: C++ does not support default-int
C:\Users\EnragedSock\For-NPU\ConsoleApplication2\ConsoleApplication2\ConsoleApplication2.cpp(15,1): error C2086: 'int string': redefinition
C:\Users\EnragedSock\For-NPU\ConsoleApplication2\ConsoleApplication2\ConsoleApplication2.cpp(5): message : see declaration of 'string'
C:\Users\EnragedSock\For-NPU\ConsoleApplication2\ConsoleApplication2\ConsoleApplication2.cpp(15,8): error C2146: syntax error: missing ';' before identifier 'originAddress'
C:\Users\EnragedSock\For-NPU\ConsoleApplication2\ConsoleApplication2\ConsoleApplication2.cpp(17,15): error C4430: missing type specifier - int assumed. Note: C++ does not support default-int
C:\Users\EnragedSock\For-NPU\ConsoleApplication2\ConsoleApplication2\ConsoleApplication2.cpp(17,1): error C2086: 'int string': redefinition
C:\Users\EnragedSock\For-NPU\ConsoleApplication2\ConsoleApplication2\ConsoleApplication2.cpp(5): message : see declaration of 'string'
C:\Users\EnragedSock\For-NPU\ConsoleApplication2\ConsoleApplication2\ConsoleApplication2.cpp(17,8): error C2146: syntax error: missing ';' before identifier 'degree'
C:\Users\EnragedSock\For-NPU\ConsoleApplication2\ConsoleApplication2\ConsoleApplication2.cpp(19,14): error C4430: missing type specifier - int assumed. Note: C++ does not support default-int
C:\Users\EnragedSock\For-NPU\ConsoleApplication2\ConsoleApplication2\ConsoleApplication2.cpp(19,1): error C2086: 'int string': redefinition
C:\Users\EnragedSock\For-NPU\ConsoleApplication2\ConsoleApplication2\ConsoleApplication2.cpp(5): message : see declaration of 'string'
C:\Users\EnragedSock\For-NPU\ConsoleApplication2\ConsoleApplication2\ConsoleApplication2.cpp(19,8): error C2146: syntax error: missing ';' before identifier 'group'
C:\Users\EnragedSock\For-NPU\ConsoleApplication2\ConsoleApplication2\ConsoleApplication2.cpp(20,42): error C2065: 'studentFullName': undeclared identifier
C:\Users\EnragedSock\For-NPU\ConsoleApplication2\ConsoleApplication2\ConsoleApplication2.cpp(22,8): error C2065: 'group': undeclared identifier
C:\Users\EnragedSock\For-NPU\ConsoleApplication2\ConsoleApplication2\ConsoleApplication2.cpp(27,8): error C2065: 'originAddress': undeclared identifier
C:\Users\EnragedSock\For-NPU\ConsoleApplication2\ConsoleApplication2\ConsoleApplication2.cpp(28,8): error C2065: 'degree': undeclared identifier
C:\Users\EnragedSock\For-NPU\ConsoleApplication2\ConsoleApplication2\ConsoleApplication2.cpp(29,5): error C4430: missing type specifier - int assumed. Note: C++ does not support default-int
C:\Users\EnragedSock\For-NPU\ConsoleApplication2\ConsoleApplication2\ConsoleApplication2.cpp(29,7): error C2059: syntax error: '<<'
C:\Users\EnragedSock\For-NPU\ConsoleApplication2\ConsoleApplication2\ConsoleApplication2.cpp(30,5): error C4430: missing type specifier - int assumed. Note: C++ does not support default-int
C:\Users\EnragedSock\For-NPU\ConsoleApplication2\ConsoleApplication2\ConsoleApplication2.cpp(30,1): error C2086: 'int cout': redefinition
C:\Users\EnragedSock\For-NPU\ConsoleApplication2\ConsoleApplication2\ConsoleApplication2.cpp(29): message : see declaration of 'cout'
C:\Users\EnragedSock\For-NPU\ConsoleApplication2\ConsoleApplication2\ConsoleApplication2.cpp(30,7): error C2059: syntax error: '<<'
C:\Users\EnragedSock\For-NPU\ConsoleApplication2\ConsoleApplication2\ConsoleApplication2.cpp(31,5): error C4430: missing type specifier - int assumed. Note: C++ does not support default-int
C:\Users\EnragedSock\For-NPU\ConsoleApplication2\ConsoleApplication2\ConsoleApplication2.cpp(31,1): error C2086: 'int cout': redefinition
C:\Users\EnragedSock\For-NPU\ConsoleApplication2\ConsoleApplication2\ConsoleApplication2.cpp(29): message : see declaration of 'cout'
C:\Users\EnragedSock\For-NPU\ConsoleApplication2\ConsoleApplication2\ConsoleApplication2.cpp(31,7): error C2059: syntax error: '<<'
C:\Users\EnragedSock\For-NPU\ConsoleApplication2\ConsoleApplication2\ConsoleApplication2.cpp(32,5): error C4430: missing type specifier - int assumed. Note: C++ does not support default-int
C:\Users\EnragedSock\For-NPU\ConsoleApplication2\ConsoleApplication2\ConsoleApplication2.cpp(32,1): error C2086: 'int cout': redefinition
C:\Users\EnragedSock\For-NPU\ConsoleApplication2\ConsoleApplication2\ConsoleApplication2.cpp(29): message : see declaration of 'cout'
C:\Users\EnragedSock\For-NPU\ConsoleApplication2\ConsoleApplication2\ConsoleApplication2.cpp(32,7): error C2059: syntax error: '<<'
C:\Users\EnragedSock\For-NPU\ConsoleApplication2\ConsoleApplication2\ConsoleApplication2.cpp(33,5): error C4430: missing type specifier - int assumed. Note: C++ does not support default-int
C:\Users\EnragedSock\For-NPU\ConsoleApplication2\ConsoleApplication2\ConsoleApplication2.cpp(33,1): error C2086: 'int cout': redefinition
C:\Users\EnragedSock\For-NPU\ConsoleApplication2\ConsoleApplication2\ConsoleApplication2.cpp(29): message : see declaration of 'cout'
C:\Users\EnragedSock\For-NPU\ConsoleApplication2\ConsoleApplication2\ConsoleApplication2.cpp(33,7): error C2059: syntax error: '<<'
C:\Users\EnragedSock\For-NPU\ConsoleApplication2\ConsoleApplication2\ConsoleApplication2.cpp(34,5): error C4430: missing type specifier - int assumed. Note: C++ does not support default-int
C:\Users\EnragedSock\For-NPU\ConsoleApplication2\ConsoleApplication2\ConsoleApplication2.cpp(34,1): error C2086: 'int cout': redefinition
C:\Users\EnragedSock\For-NPU\ConsoleApplication2\ConsoleApplication2\ConsoleApplication2.cpp(29): message : see declaration of 'cout'
C:\Users\EnragedSock\For-NPU\ConsoleApplication2\ConsoleApplication2\ConsoleApplication2.cpp(34,7): error C2059: syntax error: '<<'
C:\Users\EnragedSock\For-NPU\ConsoleApplication2\ConsoleApplication2\ConsoleApplication2.cpp(34,75): error C2059: syntax error: 'string'
C:\Users\EnragedSock\For-NPU\ConsoleApplication2\ConsoleApplication2\ConsoleApplication2.cpp(34,81): error C2059: syntax error: ')'
C:\Users\EnragedSock\For-NPU\ConsoleApplication2\ConsoleApplication2\ConsoleApplication2.cpp(35,5): error C4430: missing type specifier - int assumed. Note: C++ does not support default-int
C:\Users\EnragedSock\For-NPU\ConsoleApplication2\ConsoleApplication2\ConsoleApplication2.cpp(35,1): error C2086: 'int cout': redefinition
C:\Users\EnragedSock\For-NPU\ConsoleApplication2\ConsoleApplication2\ConsoleApplication2.cpp(29): message : see declaration of 'cout'
C:\Users\EnragedSock\For-NPU\ConsoleApplication2\ConsoleApplication2\ConsoleApplication2.cpp(35,7): error C2059: syntax error: '<<'
C:\Users\EnragedSock\For-NPU\ConsoleApplication2\ConsoleApplication2\ConsoleApplication2.cpp(36,5): error C4430: missing type specifier - int assumed. Note: C++ does not support default-int
C:\Users\EnragedSock\For-NPU\ConsoleApplication2\ConsoleApplication2\ConsoleApplication2.cpp(36,1): error C2086: 'int cout': redefinition
C:\Users\EnragedSock\For-NPU\ConsoleApplication2\ConsoleApplication2\ConsoleApplication2.cpp(29): message : see declaration of 'cout'
C:\Users\EnragedSock\For-NPU\ConsoleApplication2\ConsoleApplication2\ConsoleApplication2.cpp(36,7): error C2059: syntax error: '<<'
C:\Users\EnragedSock\For-NPU\ConsoleApplication2\ConsoleApplication2\ConsoleApplication2.cpp(37,5): error C4430: missing type specifier - int assumed. Note: C++ does not support default-int
C:\Users\EnragedSock\For-NPU\ConsoleApplication2\ConsoleApplication2\ConsoleApplication2.cpp(37,1): error C2086: 'int cout': redefinition
C:\Users\EnragedSock\For-NPU\ConsoleApplication2\ConsoleApplication2\ConsoleApplication2.cpp(29): message : see declaration of 'cout'
C:\Users\EnragedSock\For-NPU\ConsoleApplication2\ConsoleApplication2\ConsoleApplication2.cpp(37,7): error C2059: syntax error: '<<'
